# JRE version: OpenJDK Runtime Environment Temurin-17.0.8.1+1 (17.0.8.1+1) (build 17.0.8.1+1)
# Java VM: OpenJDK 64-Bit Server VM Temurin-17.0.8.1+1 (17.0.8.1+1, mixed mode, tiered, compressed oops, compressed class ptrs, parallel gc, windows-amd64)
GC Precious Log:
 CPUs: 20 total, 20 available
 Memory: 49059M
 Large Page Support: Disabled
 NUMA Support: Disabled
 Compressed Oops: Enabled (32-bit)
 Alignments: Space 512K, Generation 512K, Heap 2M
 Heap Min Capacity: 100M
 Heap Initial Capacity: 100M
 Heap Max Capacity: 1G
 Pre-touch: Disabled
 Parallel Workers: 15
Heap:
 PSYoungGen      total 5632K, used 4963K [0x00000000eab00000, 0x00000000eb180000, 0x0000000100000000)
  eden space 4608K, 88% used [0x00000000eab00000,0x00000000eaef8e60,0x00000000eaf80000)
  from space 1024K, 87% used [0x00000000eb080000,0x00000000eb160000,0x00000000eb180000)
  to   space 1024K, 0% used [0x00000000eaf80000,0x00000000eaf80000,0x00000000eb080000)
 ParOldGen       total 315904K, used 298518K [0x00000000c0000000, 0x00000000d3480000, 0x00000000eab00000)
  object space 315904K, 94% used [0x00000000c0000000,0x00000000d2385890,0x00000000d3480000)
 Metaspace       used 84068K, committed 85312K, reserved 1179648K
  class space    used 8883K, committed 9408K, reserved 1048576K
GC Heap History (20 events):
Event: 1236.426 GC heap after
{Heap after GC invocations=342 (full 11):
 PSYoungGen      total 3072K, used 432K [0x00000000eab00000, 0x00000000eaf00000, 0x0000000100000000)
  eden space 2560K, 0% used [0x00000000eab00000,0x00000000eab00000,0x00000000ead80000)
  from space 512K, 84% used [0x00000000eae80000,0x00000000eaeec010,0x00000000eaf00000)
  to   space 512K, 0% used [0x00000000eae00000,0x00000000eae00000,0x00000000eae80000)
 ParOldGen       total 315904K, used 280680K [0x00000000c0000000, 0x00000000d3480000, 0x00000000eab00000)
  object space 315904K, 88% used [0x00000000c0000000,0x00000000d121a3a8,0x00000000d3480000)
 Metaspace       used 83900K, committed 85120K, reserved 1179648K
  class space    used 8875K, committed 9408K, reserved 1048576K
}
Event: 1236.429 GC heap before
{Heap before GC invocations=343 (full 11):
 PSYoungGen      total 3072K, used 2992K [0x00000000eab00000, 0x00000000eaf00000, 0x0000000100000000)
  eden space 2560K, 100% used [0x00000000eab00000,0x00000000ead80000,0x00000000ead80000)
  from space 512K, 84% used [0x00000000eae80000,0x00000000eaeec010,0x00000000eaf00000)
  to   space 512K, 0% used [0x00000000eae00000,0x00000000eae00000,0x00000000eae80000)
 ParOldGen       total 315904K, used 280680K [0x00000000c0000000, 0x00000000d3480000, 0x00000000eab00000)
  object space 315904K, 88% used [0x00000000c0000000,0x00000000d121a3a8,0x00000000d3480000)
 Metaspace       used 83900K, committed 85120K, reserved 1179648K
  class space    used 8875K, committed 9408K, reserved 1048576K
}
Event: 1236.430 GC heap after
{Heap after GC invocations=343 (full 11):
 PSYoungGen      total 3072K, used 500K [0x00000000eab00000, 0x00000000eb480000, 0x0000000100000000)
  eden space 2560K, 0% used [0x00000000eab00000,0x00000000eab00000,0x00000000ead80000)
  from space 512K, 97% used [0x00000000eae00000,0x00000000eae7d2c0,0x00000000eae80000)
  to   space 3584K, 0% used [0x00000000eb100000,0x00000000eb100000,0x00000000eb480000)
 ParOldGen       total 315904K, used 283066K [0x00000000c0000000, 0x00000000d3480000, 0x00000000eab00000)
  object space 315904K, 89% used [0x00000000c0000000,0x00000000d146eaf8,0x00000000d3480000)
 Metaspace       used 83900K, committed 85120K, reserved 1179648K
  class space    used 8875K, committed 9408K, reserved 1048576K
}
Event: 1236.434 GC heap before
{Heap before GC invocations=344 (full 11):
 PSYoungGen      total 3072K, used 3060K [0x00000000eab00000, 0x00000000eb480000, 0x0000000100000000)
  eden space 2560K, 100% used [0x00000000eab00000,0x00000000ead80000,0x00000000ead80000)
  from space 512K, 97% used [0x00000000eae00000,0x00000000eae7d2c0,0x00000000eae80000)
  to   space 3584K, 0% used [0x00000000eb100000,0x00000000eb100000,0x00000000eb480000)
 ParOldGen       total 315904K, used 283066K [0x00000000c0000000, 0x00000000d3480000, 0x00000000eab00000)
  object space 315904K, 89% used [0x00000000c0000000,0x00000000d146eaf8,0x00000000d3480000)
 Metaspace       used 83900K, committed 85120K, reserved 1179648K
  class space    used 8875K, committed 9408K, reserved 1048576K
}
Event: 1236.436 GC heap after
{Heap after GC invocations=344 (full 11):
 PSYoungGen      total 6144K, used 3252K [0x00000000eab00000, 0x00000000eb500000, 0x0000000100000000)
  eden space 2560K, 0% used [0x00000000eab00000,0x00000000eab00000,0x00000000ead80000)
  from space 3584K, 90% used [0x00000000eb100000,0x00000000eb42d2c0,0x00000000eb480000)
  to   space 3584K, 0% used [0x00000000ead80000,0x00000000ead80000,0x00000000eb100000)
 ParOldGen       total 315904K, used 283138K [0x00000000c0000000, 0x00000000d3480000, 0x00000000eab00000)
  object space 315904K, 89% used [0x00000000c0000000,0x00000000d1480af8,0x00000000d3480000)
 Metaspace       used 83900K, committed 85120K, reserved 1179648K
  class space    used 8875K, committed 9408K, reserved 1048576K
}
Event: 1236.442 GC heap before
{Heap before GC invocations=345 (full 11):
 PSYoungGen      total 6144K, used 5663K [0x00000000eab00000, 0x00000000eb500000, 0x0000000100000000)
  eden space 2560K, 94% used [0x00000000eab00000,0x00000000ead5a998,0x00000000ead80000)
  from space 3584K, 90% used [0x00000000eb100000,0x00000000eb42d2c0,0x00000000eb480000)
  to   space 3584K, 0% used [0x00000000ead80000,0x00000000ead80000,0x00000000eb100000)
 ParOldGen       total 315904K, used 283138K [0x00000000c0000000, 0x00000000d3480000, 0x00000000eab00000)
  object space 315904K, 89% used [0x00000000c0000000,0x00000000d1480af8,0x00000000d3480000)
 Metaspace       used 83900K, committed 85120K, reserved 1179648K
  class space    used 8875K, committed 9408K, reserved 1048576K
}
Event: 1236.444 GC heap after
{Heap after GC invocations=345 (full 11):
 PSYoungGen      total 6144K, used 3568K [0x00000000eab00000, 0x00000000eba00000, 0x0000000100000000)
  eden space 2560K, 0% used [0x00000000eab00000,0x00000000eab00000,0x00000000ead80000)
  from space 3584K, 99% used [0x00000000ead80000,0x00000000eb0fc000,0x00000000eb100000)
  to   space 6144K, 0% used [0x00000000eb400000,0x00000000eb400000,0x00000000eba00000)
 ParOldGen       total 315904K, used 284977K [0x00000000c0000000, 0x00000000d3480000, 0x00000000eab00000)
  object space 315904K, 90% used [0x00000000c0000000,0x00000000d164c508,0x00000000d3480000)
 Metaspace       used 83900K, committed 85120K, reserved 1179648K
  class space    used 8875K, committed 9408K, reserved 1048576K
}
Event: 1236.466 GC heap before
{Heap before GC invocations=346 (full 11):
 PSYoungGen      total 6144K, used 6128K [0x00000000eab00000, 0x00000000eba00000, 0x0000000100000000)
  eden space 2560K, 100% used [0x00000000eab00000,0x00000000ead80000,0x00000000ead80000)
  from space 3584K, 99% used [0x00000000ead80000,0x00000000eb0fc000,0x00000000eb100000)
  to   space 6144K, 0% used [0x00000000eb400000,0x00000000eb400000,0x00000000eba00000)
 ParOldGen       total 315904K, used 284977K [0x00000000c0000000, 0x00000000d3480000, 0x00000000eab00000)
  object space 315904K, 90% used [0x00000000c0000000,0x00000000d164c508,0x00000000d3480000)
 Metaspace       used 83900K, committed 85120K, reserved 1179648K
  class space    used 8875K, committed 9408K, reserved 1048576K
}
Event: 1236.468 GC heap after
{Heap after GC invocations=346 (full 11):
 PSYoungGen      total 6144K, used 2741K [0x00000000eab00000, 0x00000000eb700000, 0x0000000100000000)
  eden space 3072K, 0% used [0x00000000eab00000,0x00000000eab00000,0x00000000eae00000)
  from space 3072K, 89% used [0x00000000eb400000,0x00000000eb6ad670,0x00000000eb700000)
  to   space 4096K, 0% used [0x00000000eaf00000,0x00000000eaf00000,0x00000000eb300000)
 ParOldGen       total 315904K, used 288337K [0x00000000c0000000, 0x00000000d3480000, 0x00000000eab00000)
  object space 315904K, 91% used [0x00000000c0000000,0x00000000d1994508,0x00000000d3480000)
 Metaspace       used 83900K, committed 85120K, reserved 1179648K
  class space    used 8875K, committed 9408K, reserved 1048576K
}
Event: 1236.475 GC heap before
{Heap before GC invocations=347 (full 11):
 PSYoungGen      total 6144K, used 5813K [0x00000000eab00000, 0x00000000eb700000, 0x0000000100000000)
  eden space 3072K, 100% used [0x00000000eab00000,0x00000000eae00000,0x00000000eae00000)
  from space 3072K, 89% used [0x00000000eb400000,0x00000000eb6ad670,0x00000000eb700000)
  to   space 4096K, 0% used [0x00000000eaf00000,0x00000000eaf00000,0x00000000eb300000)
 ParOldGen       total 315904K, used 288337K [0x00000000c0000000, 0x00000000d3480000, 0x00000000eab00000)
  object space 315904K, 91% used [0x00000000c0000000,0x00000000d1994508,0x00000000d3480000)
 Metaspace       used 83900K, committed 85120K, reserved 1179648K
  class space    used 8875K, committed 9408K, reserved 1048576K
}
Event: 1236.476 GC heap after
{Heap after GC invocations=347 (full 11):
 PSYoungGen      total 7168K, used 2992K [0x00000000eab00000, 0x00000000eb500000, 0x0000000100000000)
  eden space 4096K, 0% used [0x00000000eab00000,0x00000000eab00000,0x00000000eaf00000)
  from space 3072K, 97% used [0x00000000eaf00000,0x00000000eb1ec000,0x00000000eb200000)
  to   space 3072K, 0% used [0x00000000eb200000,0x00000000eb200000,0x00000000eb500000)
 ParOldGen       total 315904K, used 291117K [0x00000000c0000000, 0x00000000d3480000, 0x00000000eab00000)
  object space 315904K, 92% used [0x00000000c0000000,0x00000000d1c4b6b0,0x00000000d3480000)
 Metaspace       used 83900K, committed 85120K, reserved 1179648K
  class space    used 8875K, committed 9408K, reserved 1048576K
}
Event: 1236.495 GC heap before
{Heap before GC invocations=348 (full 11):
 PSYoungGen      total 7168K, used 7088K [0x00000000eab00000, 0x00000000eb500000, 0x0000000100000000)
  eden space 4096K, 100% used [0x00000000eab00000,0x00000000eaf00000,0x00000000eaf00000)
  from space 3072K, 97% used [0x00000000eaf00000,0x00000000eb1ec000,0x00000000eb200000)
  to   space 3072K, 0% used [0x00000000eb200000,0x00000000eb200000,0x00000000eb500000)
 ParOldGen       total 315904K, used 291117K [0x00000000c0000000, 0x00000000d3480000, 0x00000000eab00000)
  object space 315904K, 92% used [0x00000000c0000000,0x00000000d1c4b6b0,0x00000000d3480000)
 Metaspace       used 83904K, committed 85120K, reserved 1179648K
  class space    used 8875K, committed 9408K, reserved 1048576K
}
Event: 1236.497 GC heap after
{Heap after GC invocations=348 (full 11):
 PSYoungGen      total 7680K, used 2006K [0x00000000eab00000, 0x00000000eb500000, 0x0000000100000000)
  eden space 4608K, 0% used [0x00000000eab00000,0x00000000eab00000,0x00000000eaf80000)
  from space 3072K, 65% used [0x00000000eb200000,0x00000000eb3f5908,0x00000000eb500000)
  to   space 2560K, 0% used [0x00000000eaf80000,0x00000000eaf80000,0x00000000eb200000)
 ParOldGen       total 315904K, used 293565K [0x00000000c0000000, 0x00000000d3480000, 0x00000000eab00000)
  object space 315904K, 92% used [0x00000000c0000000,0x00000000d1eaf6b0,0x00000000d3480000)
 Metaspace       used 83904K, committed 85120K, reserved 1179648K
  class space    used 8875K, committed 9408K, reserved 1048576K
}
Event: 1236.904 GC heap before
{Heap before GC invocations=349 (full 11):
 PSYoungGen      total 7680K, used 6614K [0x00000000eab00000, 0x00000000eb500000, 0x0000000100000000)
  eden space 4608K, 100% used [0x00000000eab00000,0x00000000eaf80000,0x00000000eaf80000)
  from space 3072K, 65% used [0x00000000eb200000,0x00000000eb3f5908,0x00000000eb500000)
  to   space 2560K, 0% used [0x00000000eaf80000,0x00000000eaf80000,0x00000000eb200000)
 ParOldGen       total 315904K, used 293565K [0x00000000c0000000, 0x00000000d3480000, 0x00000000eab00000)
  object space 315904K, 92% used [0x00000000c0000000,0x00000000d1eaf6b0,0x00000000d3480000)
 Metaspace       used 83916K, committed 85120K, reserved 1179648K
  class space    used 8875K, committed 9408K, reserved 1048576K
}
Event: 1236.905 GC heap after
{Heap after GC invocations=349 (full 11):
 PSYoungGen      total 5632K, used 992K [0x00000000eab00000, 0x00000000eb280000, 0x0000000100000000)
  eden space 4608K, 0% used [0x00000000eab00000,0x00000000eab00000,0x00000000eaf80000)
  from space 1024K, 96% used [0x00000000eaf80000,0x00000000eb078020,0x00000000eb080000)
  to   space 1536K, 0% used [0x00000000eb100000,0x00000000eb100000,0x00000000eb280000)
 ParOldGen       total 315904K, used 295086K [0x00000000c0000000, 0x00000000d3480000, 0x00000000eab00000)
  object space 315904K, 93% used [0x00000000c0000000,0x00000000d202b880,0x00000000d3480000)
 Metaspace       used 83916K, committed 85120K, reserved 1179648K
  class space    used 8875K, committed 9408K, reserved 1048576K
}
Event: 1237.048 GC heap before
{Heap before GC invocations=350 (full 11):
 PSYoungGen      total 5632K, used 5600K [0x00000000eab00000, 0x00000000eb280000, 0x0000000100000000)
  eden space 4608K, 100% used [0x00000000eab00000,0x00000000eaf80000,0x00000000eaf80000)
  from space 1024K, 96% used [0x00000000eaf80000,0x00000000eb078020,0x00000000eb080000)
  to   space 1536K, 0% used [0x00000000eb100000,0x00000000eb100000,0x00000000eb280000)
 ParOldGen       total 315904K, used 295086K [0x00000000c0000000, 0x00000000d3480000, 0x00000000eab00000)
  object space 315904K, 93% used [0x00000000c0000000,0x00000000d202b880,0x00000000d3480000)
 Metaspace       used 83923K, committed 85120K, reserved 1179648K
  class space    used 8876K, committed 9408K, reserved 1048576K
}
Event: 1237.049 GC heap after
{Heap after GC invocations=350 (full 11):
 PSYoungGen      total 6144K, used 1135K [0x00000000eab00000, 0x00000000eb280000, 0x0000000100000000)
  eden space 4608K, 0% used [0x00000000eab00000,0x00000000eab00000,0x00000000eaf80000)
  from space 1536K, 73% used [0x00000000eb100000,0x00000000eb21be00,0x00000000eb280000)
  to   space 1536K, 0% used [0x00000000eaf80000,0x00000000eaf80000,0x00000000eb100000)
 ParOldGen       total 315904K, used 295818K [0x00000000c0000000, 0x00000000d3480000, 0x00000000eab00000)
  object space 315904K, 93% used [0x00000000c0000000,0x00000000d20e2b00,0x00000000d3480000)
 Metaspace       used 83923K, committed 85120K, reserved 1179648K
  class space    used 8876K, committed 9408K, reserved 1048576K
}
Event: 1237.067 GC heap before
{Heap before GC invocations=351 (full 11):
 PSYoungGen      total 6144K, used 5743K [0x00000000eab00000, 0x00000000eb280000, 0x0000000100000000)
  eden space 4608K, 100% used [0x00000000eab00000,0x00000000eaf80000,0x00000000eaf80000)
  from space 1536K, 73% used [0x00000000eb100000,0x00000000eb21be00,0x00000000eb280000)
  to   space 1536K, 0% used [0x00000000eaf80000,0x00000000eaf80000,0x00000000eb100000)
 ParOldGen       total 315904K, used 295818K [0x00000000c0000000, 0x00000000d3480000, 0x00000000eab00000)
  object space 315904K, 93% used [0x00000000c0000000,0x00000000d20e2b00,0x00000000d3480000)
 Metaspace       used 83950K, committed 85184K, reserved 1179648K
  class space    used 8876K, committed 9408K, reserved 1048576K
}
Event: 1237.068 GC heap after
{Heap after GC invocations=351 (full 11):
 PSYoungGen      total 5632K, used 864K [0x00000000eab00000, 0x00000000eb180000, 0x0000000100000000)
  eden space 4608K, 0% used [0x00000000eab00000,0x00000000eab00000,0x00000000eaf80000)
  from space 1024K, 84% used [0x00000000eaf80000,0x00000000eb058000,0x00000000eb080000)
  to   space 1024K, 0% used [0x00000000eb080000,0x00000000eb080000,0x00000000eb180000)
 ParOldGen       total 315904K, used 296475K [0x00000000c0000000, 0x00000000d3480000, 0x00000000eab00000)
  object space 315904K, 93% used [0x00000000c0000000,0x00000000d2186c90,0x00000000d3480000)
 Metaspace       used 83950K, committed 85184K, reserved 1179648K
  class space    used 8876K, committed 9408K, reserved 1048576K
}
Event: 1237.146 GC heap before
{Heap before GC invocations=352 (full 11):
 PSYoungGen      total 5632K, used 5472K [0x00000000eab00000, 0x00000000eb180000, 0x0000000100000000)
  eden space 4608K, 100% used [0x00000000eab00000,0x00000000eaf80000,0x00000000eaf80000)
  from space 1024K, 84% used [0x00000000eaf80000,0x00000000eb058000,0x00000000eb080000)
  to   space 1024K, 0% used [0x00000000eb080000,0x00000000eb080000,0x00000000eb180000)
 ParOldGen       total 315904K, used 296475K [0x00000000c0000000, 0x00000000d3480000, 0x00000000eab00000)
  object space 315904K, 93% used [0x00000000c0000000,0x00000000d2186c90,0x00000000d3480000)
 Metaspace       used 83952K, committed 85184K, reserved 1179648K
  class space    used 8876K, committed 9408K, reserved 1048576K
}

